{"level":"info","message":"Servidor corriendo en http://127.0.0.1:3000/","timestamp":"2024-07-30T00:01:15.925Z"}
{"level":"info","message":"Request for /","timestamp":"2024-07-30T00:01:19.588Z"}
{"level":"info","message":"Request for /css/styles.css","timestamp":"2024-07-30T00:01:19.624Z"}
{"level":"info","message":"Request for /js/scripts.js","timestamp":"2024-07-30T00:01:19.628Z"}
{"level":"info","message":"Request for /get_products","timestamp":"2024-07-30T00:01:19.673Z"}
{"level":"info","message":"Request for /img/img/imgprueba.jpg","timestamp":"2024-07-30T00:01:19.750Z"}
{"code":"ENOENT","errno":-4058,"level":"error","message":"Error reading file: ENOENT: no such file or directory, open 'C:\\Users\\HP\\Documents\\ARTESANIAS IJD\\img\\img\\imgprueba.jpg'","path":"C:\\Users\\HP\\Documents\\ARTESANIAS IJD\\img\\img\\imgprueba.jpg","stack":"Error: ENOENT: no such file or directory, open 'C:\\Users\\HP\\Documents\\ARTESANIAS IJD\\img\\img\\imgprueba.jpg'","syscall":"open","timestamp":"2024-07-30T00:01:19.751Z"}
{"level":"info","message":"Request for /","timestamp":"2024-07-30T00:02:06.302Z"}
{"level":"info","message":"Request for /css/styles.css","timestamp":"2024-07-30T00:02:06.327Z"}
{"level":"info","message":"Request for /js/scripts.js","timestamp":"2024-07-30T00:02:06.329Z"}
{"level":"info","message":"Request for /get_products","timestamp":"2024-07-30T00:02:06.367Z"}
{"level":"info","message":"Request for /img/img/imgprueba.jpg","timestamp":"2024-07-30T00:02:06.439Z"}
{"code":"ENOENT","errno":-4058,"level":"error","message":"Error reading file: ENOENT: no such file or directory, open 'C:\\Users\\HP\\Documents\\ARTESANIAS IJD\\img\\img\\imgprueba.jpg'","path":"C:\\Users\\HP\\Documents\\ARTESANIAS IJD\\img\\img\\imgprueba.jpg","stack":"Error: ENOENT: no such file or directory, open 'C:\\Users\\HP\\Documents\\ARTESANIAS IJD\\img\\img\\imgprueba.jpg'","syscall":"open","timestamp":"2024-07-30T00:02:06.440Z"}
{"level":"info","message":"Request for /check_connection","timestamp":"2024-07-30T00:02:17.524Z"}
{"level":"info","message":"Request for /check_connection","timestamp":"2024-07-30T00:02:18.760Z"}
{"level":"info","message":"Request for /check_connection","timestamp":"2024-07-30T00:02:20.843Z"}
{"level":"info","message":"Request for /php/add_product.php","timestamp":"2024-07-30T00:02:33.614Z"}
{"level":"info","message":"Servidor corriendo en http://127.0.0.1:3000/","timestamp":"2024-07-30T00:05:17.755Z"}
{"level":"info","message":"Request for /","timestamp":"2024-07-30T00:05:19.610Z"}
{"level":"info","message":"Request for /css/styles.css","timestamp":"2024-07-30T00:05:19.631Z"}
{"level":"info","message":"Request for /js/scripts.js","timestamp":"2024-07-30T00:05:19.632Z"}
{"level":"info","message":"Request for /get_products","timestamp":"2024-07-30T00:05:19.669Z"}
{"level":"info","message":"Request for /img/img/imgprueba.jpg","timestamp":"2024-07-30T00:05:19.680Z"}
{"code":"ENOENT","errno":-4058,"level":"error","message":"Error reading file: ENOENT: no such file or directory, open 'C:\\Users\\HP\\Documents\\ARTESANIAS IJD\\img\\img\\imgprueba.jpg'","path":"C:\\Users\\HP\\Documents\\ARTESANIAS IJD\\img\\img\\imgprueba.jpg","stack":"Error: ENOENT: no such file or directory, open 'C:\\Users\\HP\\Documents\\ARTESANIAS IJD\\img\\img\\imgprueba.jpg'","syscall":"open","timestamp":"2024-07-30T00:05:19.682Z"}
{"level":"info","message":"Request for /","timestamp":"2024-07-30T00:06:02.165Z"}
{"level":"info","message":"Request for /css/styles.css","timestamp":"2024-07-30T00:06:02.192Z"}
{"level":"info","message":"Request for /js/scripts.js","timestamp":"2024-07-30T00:06:02.195Z"}
{"level":"info","message":"Request for /get_products","timestamp":"2024-07-30T00:06:02.236Z"}
{"level":"info","message":"Request for /img/img/imgprueba.jpg","timestamp":"2024-07-30T00:06:02.251Z"}
{"code":"ENOENT","errno":-4058,"level":"error","message":"Error reading file: ENOENT: no such file or directory, open 'C:\\Users\\HP\\Documents\\ARTESANIAS IJD\\img\\img\\imgprueba.jpg'","path":"C:\\Users\\HP\\Documents\\ARTESANIAS IJD\\img\\img\\imgprueba.jpg","stack":"Error: ENOENT: no such file or directory, open 'C:\\Users\\HP\\Documents\\ARTESANIAS IJD\\img\\img\\imgprueba.jpg'","syscall":"open","timestamp":"2024-07-30T00:06:02.253Z"}
{"level":"info","message":"Request for /","timestamp":"2024-07-30T00:07:55.681Z"}
{"level":"info","message":"Request for /css/styles.css","timestamp":"2024-07-30T00:07:55.700Z"}
{"level":"info","message":"Request for /js/scripts.js","timestamp":"2024-07-30T00:07:55.701Z"}
{"level":"info","message":"Request for /get_products","timestamp":"2024-07-30T00:07:55.738Z"}
{"level":"info","message":"Request for /img/img/imgprueba.jpg","timestamp":"2024-07-30T00:07:55.752Z"}
{"code":"ENOENT","errno":-4058,"level":"error","message":"Error reading file: ENOENT: no such file or directory, open 'C:\\Users\\HP\\Documents\\ARTESANIAS IJD\\img\\img\\imgprueba.jpg'","path":"C:\\Users\\HP\\Documents\\ARTESANIAS IJD\\img\\img\\imgprueba.jpg","stack":"Error: ENOENT: no such file or directory, open 'C:\\Users\\HP\\Documents\\ARTESANIAS IJD\\img\\img\\imgprueba.jpg'","syscall":"open","timestamp":"2024-07-30T00:07:55.753Z"}
{"level":"info","message":"Request for /","timestamp":"2024-07-30T00:08:51.246Z"}
{"level":"info","message":"Request for /css/styles.css","timestamp":"2024-07-30T00:08:51.272Z"}
{"level":"info","message":"Request for /js/scripts.js","timestamp":"2024-07-30T00:08:51.273Z"}
{"level":"info","message":"Request for /get_products","timestamp":"2024-07-30T00:08:51.313Z"}
{"level":"info","message":"Request for /img/img/imgprueba.jpg","timestamp":"2024-07-30T00:08:51.324Z"}
{"code":"ENOENT","errno":-4058,"level":"error","message":"Error reading file: ENOENT: no such file or directory, open 'C:\\Users\\HP\\Documents\\ARTESANIAS IJD\\img\\img\\imgprueba.jpg'","path":"C:\\Users\\HP\\Documents\\ARTESANIAS IJD\\img\\img\\imgprueba.jpg","stack":"Error: ENOENT: no such file or directory, open 'C:\\Users\\HP\\Documents\\ARTESANIAS IJD\\img\\img\\imgprueba.jpg'","syscall":"open","timestamp":"2024-07-30T00:08:51.325Z"}
{"level":"info","message":"Servidor corriendo en http://127.0.0.1:3000/","timestamp":"2024-07-30T00:11:10.059Z"}
{"level":"info","message":"Conexión a la base de datos establecida.","timestamp":"2024-07-30T00:11:10.067Z"}
{"level":"info","message":"Request for /","timestamp":"2024-07-30T00:11:12.752Z"}
{"level":"info","message":"Request for /css/styles.css","timestamp":"2024-07-30T00:11:12.798Z"}
{"level":"info","message":"Request for /js/scripts.js","timestamp":"2024-07-30T00:11:12.798Z"}
{"level":"info","message":"Request for /get_products","timestamp":"2024-07-30T00:11:12.827Z"}
{"level":"info","message":"Request for /img/img/imgprueba.jpg","timestamp":"2024-07-30T00:11:12.874Z"}
{"code":"ENOENT","errno":-4058,"level":"error","message":"Error reading image: ENOENT: no such file or directory, open 'C:\\Users\\HP\\Documents\\ARTESANIAS IJD\\img\\img\\imgprueba.jpg'","path":"C:\\Users\\HP\\Documents\\ARTESANIAS IJD\\img\\img\\imgprueba.jpg","stack":"Error: ENOENT: no such file or directory, open 'C:\\Users\\HP\\Documents\\ARTESANIAS IJD\\img\\img\\imgprueba.jpg'","syscall":"open","timestamp":"2024-07-30T00:11:12.875Z"}
{"level":"info","message":"Request for /img/imgprueba.jpg","timestamp":"2024-07-30T00:13:19.985Z"}
{"level":"info","message":"Request for /","timestamp":"2024-07-30T00:14:38.496Z"}
{"level":"info","message":"Request for /css/styles.css","timestamp":"2024-07-30T00:14:38.517Z"}
{"level":"info","message":"Request for /js/scripts.js","timestamp":"2024-07-30T00:14:38.518Z"}
{"level":"info","message":"Request for /get_products","timestamp":"2024-07-30T00:14:38.558Z"}
{"level":"info","message":"Request for /img/img/imgprueba.jpg","timestamp":"2024-07-30T00:14:38.626Z"}
{"code":"ENOENT","errno":-4058,"level":"error","message":"Error reading image: ENOENT: no such file or directory, open 'C:\\Users\\HP\\Documents\\ARTESANIAS IJD\\img\\img\\imgprueba.jpg'","path":"C:\\Users\\HP\\Documents\\ARTESANIAS IJD\\img\\img\\imgprueba.jpg","stack":"Error: ENOENT: no such file or directory, open 'C:\\Users\\HP\\Documents\\ARTESANIAS IJD\\img\\img\\imgprueba.jpg'","syscall":"open","timestamp":"2024-07-30T00:14:38.627Z"}
{"level":"info","message":"Request for /","timestamp":"2024-07-30T00:15:21.127Z"}
{"level":"info","message":"Request for /css/styles.css","timestamp":"2024-07-30T00:15:21.144Z"}
{"level":"info","message":"Request for /js/scripts.js","timestamp":"2024-07-30T00:15:21.149Z"}
{"level":"info","message":"Request for /get_products","timestamp":"2024-07-30T00:15:21.188Z"}
{"level":"info","message":"Request for /img/img/imgprueba.jpg","timestamp":"2024-07-30T00:15:21.243Z"}
{"code":"ENOENT","errno":-4058,"level":"error","message":"Error reading image: ENOENT: no such file or directory, open 'C:\\Users\\HP\\Documents\\ARTESANIAS IJD\\img\\img\\imgprueba.jpg'","path":"C:\\Users\\HP\\Documents\\ARTESANIAS IJD\\img\\img\\imgprueba.jpg","stack":"Error: ENOENT: no such file or directory, open 'C:\\Users\\HP\\Documents\\ARTESANIAS IJD\\img\\img\\imgprueba.jpg'","syscall":"open","timestamp":"2024-07-30T00:15:21.244Z"}
{"level":"info","message":"Servidor corriendo en http://127.0.0.1:3000/","timestamp":"2024-07-30T00:17:24.499Z"}
{"level":"info","message":"Conexión a la base de datos establecida.","timestamp":"2024-07-30T00:17:24.506Z"}
{"level":"info","message":"Request for /","timestamp":"2024-07-30T00:17:26.609Z"}
{"level":"info","message":"Request for /css/styles.css","timestamp":"2024-07-30T00:17:26.626Z"}
{"level":"info","message":"Request for /js/scripts.js","timestamp":"2024-07-30T00:17:26.627Z"}
{"level":"info","message":"Request for /get_products","timestamp":"2024-07-30T00:17:26.661Z"}
{"level":"info","message":"Request for /img/img/imgprueba.jpg","timestamp":"2024-07-30T00:17:26.751Z"}
{"code":"ENOENT","errno":-4058,"level":"error","message":"Error reading image: ENOENT: no such file or directory, open 'C:\\Users\\HP\\Documents\\ARTESANIAS IJD\\img\\img\\imgprueba.jpg'","path":"C:\\Users\\HP\\Documents\\ARTESANIAS IJD\\img\\img\\imgprueba.jpg","stack":"Error: ENOENT: no such file or directory, open 'C:\\Users\\HP\\Documents\\ARTESANIAS IJD\\img\\img\\imgprueba.jpg'","syscall":"open","timestamp":"2024-07-30T00:17:26.753Z"}
{"level":"info","message":"Servidor corriendo en http://127.0.0.1:3000/","timestamp":"2024-07-30T00:18:42.594Z"}
{"level":"info","message":"Conexión a la base de datos establecida.","timestamp":"2024-07-30T00:18:42.601Z"}
{"level":"info","message":"Request for /","timestamp":"2024-07-30T00:18:44.019Z"}
{"level":"info","message":"Request for /css/styles.css","timestamp":"2024-07-30T00:18:44.052Z"}
{"level":"info","message":"Request for /js/scripts.js","timestamp":"2024-07-30T00:18:44.053Z"}
{"level":"info","message":"Request for /get_products","timestamp":"2024-07-30T00:18:44.077Z"}
{"level":"info","message":"Request for /img/img/imgprueba.jpg","timestamp":"2024-07-30T00:18:44.101Z"}
{"code":"ENOENT","errno":-4058,"level":"error","message":"Error reading image: ENOENT: no such file or directory, open 'C:\\Users\\HP\\Documents\\ARTESANIAS IJD\\img\\img\\imgprueba.jpg'","path":"C:\\Users\\HP\\Documents\\ARTESANIAS IJD\\img\\img\\imgprueba.jpg","stack":"Error: ENOENT: no such file or directory, open 'C:\\Users\\HP\\Documents\\ARTESANIAS IJD\\img\\img\\imgprueba.jpg'","syscall":"open","timestamp":"2024-07-30T00:18:44.103Z"}
{"level":"info","message":"Request for /","timestamp":"2024-07-30T00:20:04.796Z"}
{"level":"info","message":"Request for /css/styles.css","timestamp":"2024-07-30T00:20:04.807Z"}
{"level":"info","message":"Request for /js/scripts.js","timestamp":"2024-07-30T00:20:04.811Z"}
{"level":"info","message":"Request for /get_products","timestamp":"2024-07-30T00:20:04.863Z"}
{"level":"info","message":"Request for /img/img/imgprueba.jpg","timestamp":"2024-07-30T00:20:04.876Z"}
{"code":"ENOENT","errno":-4058,"level":"error","message":"Error reading image: ENOENT: no such file or directory, open 'C:\\Users\\HP\\Documents\\ARTESANIAS IJD\\img\\img\\imgprueba.jpg'","path":"C:\\Users\\HP\\Documents\\ARTESANIAS IJD\\img\\img\\imgprueba.jpg","stack":"Error: ENOENT: no such file or directory, open 'C:\\Users\\HP\\Documents\\ARTESANIAS IJD\\img\\img\\imgprueba.jpg'","syscall":"open","timestamp":"2024-07-30T00:20:04.878Z"}
{"level":"info","message":"Request for /img/imgprueba.jpg","timestamp":"2024-07-30T00:20:52.370Z"}
{"level":"info","message":"Request for /","timestamp":"2024-07-30T00:26:03.541Z"}
{"level":"info","message":"Request for /css/styles.css","timestamp":"2024-07-30T00:26:03.563Z"}
{"level":"info","message":"Request for /js/scripts.js","timestamp":"2024-07-30T00:26:03.564Z"}
{"level":"info","message":"Request for /get_products","timestamp":"2024-07-30T00:26:03.583Z"}
{"level":"info","message":"Request for /img/imgprueba.jpg","timestamp":"2024-07-30T00:26:03.624Z"}
{"level":"info","message":"Request for /add_product","timestamp":"2024-07-30T00:26:30.179Z"}
{"code":"ENOENT","errno":-4058,"level":"error","message":"Error reading image: ENOENT: no such file or directory, open 'C:\\Users\\HP\\Documents\\ARTESANIAS IJD\\add_product'","path":"C:\\Users\\HP\\Documents\\ARTESANIAS IJD\\add_product","stack":"Error: ENOENT: no such file or directory, open 'C:\\Users\\HP\\Documents\\ARTESANIAS IJD\\add_product'","syscall":"open","timestamp":"2024-07-30T00:26:30.179Z"}
{"level":"info","message":"Request for /check_connection","timestamp":"2024-07-30T00:26:32.336Z"}
{"code":"ENOENT","errno":-4058,"level":"error","message":"Error reading image: ENOENT: no such file or directory, open 'C:\\Users\\HP\\Documents\\ARTESANIAS IJD\\check_connection'","path":"C:\\Users\\HP\\Documents\\ARTESANIAS IJD\\check_connection","stack":"Error: ENOENT: no such file or directory, open 'C:\\Users\\HP\\Documents\\ARTESANIAS IJD\\check_connection'","syscall":"open","timestamp":"2024-07-30T00:26:32.340Z"}
{"level":"info","message":"Request for /","timestamp":"2024-07-30T00:27:16.753Z"}
{"level":"info","message":"Request for /css/styles.css","timestamp":"2024-07-30T00:27:16.776Z"}
{"level":"info","message":"Request for /js/scripts.js","timestamp":"2024-07-30T00:27:16.777Z"}
{"level":"info","message":"Request for /get_products","timestamp":"2024-07-30T00:27:16.830Z"}
{"level":"info","message":"Request for /img/imgprueba.jpg","timestamp":"2024-07-30T00:27:16.860Z"}
{"level":"info","message":"Request for /add_product","timestamp":"2024-07-30T00:27:27.760Z"}
{"code":"ENOENT","errno":-4058,"level":"error","message":"Error reading image: ENOENT: no such file or directory, open 'C:\\Users\\HP\\Documents\\ARTESANIAS IJD\\add_product'","path":"C:\\Users\\HP\\Documents\\ARTESANIAS IJD\\add_product","stack":"Error: ENOENT: no such file or directory, open 'C:\\Users\\HP\\Documents\\ARTESANIAS IJD\\add_product'","syscall":"open","timestamp":"2024-07-30T00:27:27.778Z"}
{"level":"info","message":"Servidor corriendo en http://localhost:3000/","timestamp":"2024-07-30T00:31:56.863Z"}
{"level":"info","message":"Conexión a la base de datos establecida.","timestamp":"2024-07-30T00:31:56.878Z"}
{"level":"info","message":"Servidor corriendo en http://127.0.0.1:3000/","timestamp":"2024-07-30T00:36:56.537Z"}
{"level":"info","message":"Conexión a la base de datos establecida.","timestamp":"2024-07-30T00:36:56.552Z"}
{"level":"info","message":"Request for /","timestamp":"2024-07-30T00:36:58.362Z"}
{"level":"info","message":"Request for /css/styles.css","timestamp":"2024-07-30T00:36:58.400Z"}
{"level":"info","message":"Request for /js/scripts.js","timestamp":"2024-07-30T00:36:58.402Z"}
{"level":"info","message":"Request for /get_products","timestamp":"2024-07-30T00:36:58.454Z"}
{"level":"info","message":"Request for /[object%20Object]","timestamp":"2024-07-30T00:36:58.584Z"}
{"level":"info","message":"Request for /add_product","timestamp":"2024-07-30T00:37:20.678Z"}
{"level":"info","message":"Request for /","timestamp":"2024-07-30T00:37:25.798Z"}
{"level":"info","message":"Request for /css/styles.css","timestamp":"2024-07-30T00:37:25.820Z"}
{"level":"info","message":"Request for /js/scripts.js","timestamp":"2024-07-30T00:37:25.825Z"}
{"level":"info","message":"Request for /get_products","timestamp":"2024-07-30T00:37:25.831Z"}
{"level":"info","message":"Request for /[object%20Object]","timestamp":"2024-07-30T00:37:25.859Z"}
{"level":"info","message":"Request for /","timestamp":"2024-07-30T00:39:12.429Z"}
{"level":"info","message":"Request for /css/styles.css","timestamp":"2024-07-30T00:39:12.470Z"}
{"level":"info","message":"Request for /js/scripts.js","timestamp":"2024-07-30T00:39:12.471Z"}
{"level":"info","message":"Request for /get_products","timestamp":"2024-07-30T00:39:12.486Z"}
{"level":"info","message":"Request for /get_image/1","timestamp":"2024-07-30T00:39:12.605Z"}
{"level":"info","message":"Request for /get_image/4","timestamp":"2024-07-30T00:39:12.607Z"}
{"level":"info","message":"Server running at http://127.0.0.1:3000/","timestamp":"2024-07-30T00:40:52.308Z"}
{"level":"info","message":"Database connection established.","timestamp":"2024-07-30T00:40:52.323Z"}
{"level":"info","message":"Request for /","timestamp":"2024-07-30T00:40:55.869Z"}
{"level":"info","message":"Request for /css/styles.css","timestamp":"2024-07-30T00:40:55.905Z"}
{"level":"info","message":"Request for /js/scripts.js","timestamp":"2024-07-30T00:40:55.906Z"}
{"level":"info","message":"Request for /get_products","timestamp":"2024-07-30T00:40:55.940Z"}
{"level":"info","message":"Request for /get_image/1","timestamp":"2024-07-30T00:40:55.958Z"}
{"level":"info","message":"Request for /get_image/4","timestamp":"2024-07-30T00:40:55.959Z"}
{"level":"info","message":"Server running at http://127.0.0.1:3000/","timestamp":"2024-07-30T00:44:08.824Z"}
{"level":"info","message":"Database connection established.","timestamp":"2024-07-30T00:44:08.842Z"}
{"level":"info","message":"Request for /","timestamp":"2024-07-30T00:44:10.299Z"}
{"level":"info","message":"Request for /css/styles.css","timestamp":"2024-07-30T00:44:10.325Z"}
{"level":"info","message":"Request for /js/scripts.js","timestamp":"2024-07-30T00:44:10.326Z"}
{"level":"info","message":"Request for /get_products","timestamp":"2024-07-30T00:44:10.383Z"}
{"level":"info","message":"Request for /get_image/1","timestamp":"2024-07-30T00:44:10.411Z"}
{"level":"info","message":"Request for /get_image/4","timestamp":"2024-07-30T00:44:10.412Z"}
{"level":"info","message":"Servidor corriendo en http://127.0.0.1:3000/","timestamp":"2024-07-30T00:50:40.235Z"}
{"level":"info","message":"Conexión a la base de datos establecida.","timestamp":"2024-07-30T00:50:40.242Z"}
{"level":"info","message":"Request for /","timestamp":"2024-07-30T00:50:42.085Z"}
{"level":"info","message":"Request for /upload.html","timestamp":"2024-07-30T00:50:53.171Z"}
{"level":"info","message":"Request for /","timestamp":"2024-07-30T00:51:37.520Z"}
{"level":"info","message":"Servidor corriendo en http://127.0.0.1:3000/","timestamp":"2024-07-30T00:51:54.859Z"}
{"level":"info","message":"Conexión a la base de datos establecida.","timestamp":"2024-07-30T00:51:54.867Z"}
{"level":"info","message":"Request for /","timestamp":"2024-07-30T00:51:56.179Z"}
{"level":"info","message":"Request for /upload.html","timestamp":"2024-07-30T00:52:04.541Z"}
{"level":"info","message":"Request for /","timestamp":"2024-07-30T00:53:09.368Z"}
{"level":"info","message":"Request for /display","timestamp":"2024-07-30T00:53:13.065Z"}
{"level":"info","message":"Request for /styles.css","timestamp":"2024-07-30T00:53:13.099Z"}
{"level":"info","message":"Request for /display.js","timestamp":"2024-07-30T00:53:13.100Z"}
{"level":"info","message":"Request for /upload","timestamp":"2024-07-30T00:53:31.382Z"}
{"level":"info","message":"Request for /upload.js","timestamp":"2024-07-30T00:53:31.418Z"}
{"level":"info","message":"Request for /styles.css","timestamp":"2024-07-30T00:53:31.419Z"}
{"level":"info","message":"Request for /upload","timestamp":"2024-07-30T00:53:43.929Z"}
{"level":"info","message":"Request for /styles.css","timestamp":"2024-07-30T00:53:43.953Z"}
{"level":"info","message":"Request for /upload.js","timestamp":"2024-07-30T00:53:43.954Z"}
{"level":"info","message":"Request for /display","timestamp":"2024-07-30T00:53:54.405Z"}
{"level":"info","message":"Request for /styles.css","timestamp":"2024-07-30T00:53:54.460Z"}
{"level":"info","message":"Request for /display.js","timestamp":"2024-07-30T00:53:54.577Z"}
{"level":"info","message":"Request for /","timestamp":"2024-07-30T00:55:48.956Z"}
{"level":"info","message":"Request for /display","timestamp":"2024-07-30T00:55:55.168Z"}
{"level":"info","message":"Request for /styles.css","timestamp":"2024-07-30T00:55:55.197Z"}
{"level":"info","message":"Request for /display.js","timestamp":"2024-07-30T00:55:55.207Z"}
{"level":"info","message":"Request for /","timestamp":"2024-07-30T00:56:35.896Z"}
{"level":"info","message":"Request for /upload","timestamp":"2024-07-30T00:56:42.449Z"}
{"level":"info","message":"Request for /styles.css","timestamp":"2024-07-30T00:56:42.477Z"}
{"level":"info","message":"Request for /upload.js","timestamp":"2024-07-30T00:56:42.478Z"}
{"level":"info","message":"Request for /","timestamp":"2024-07-30T00:57:44.512Z"}
{"level":"info","message":"Request for /display","timestamp":"2024-07-30T00:57:50.537Z"}
{"level":"info","message":"Request for /display.js","timestamp":"2024-07-30T00:57:50.573Z"}
{"level":"info","message":"Request for /css/styles.css","timestamp":"2024-07-30T00:57:50.589Z"}
{"level":"info","message":"Request for /","timestamp":"2024-07-30T00:58:11.341Z"}
{"level":"info","message":"Request for /display","timestamp":"2024-07-30T00:58:17.762Z"}
{"level":"info","message":"Request for /js/display.js","timestamp":"2024-07-30T00:58:17.787Z"}
{"level":"info","message":"Request for /css/styles.css","timestamp":"2024-07-30T00:58:17.788Z"}
{"level":"info","message":"Request for /get_products","timestamp":"2024-07-30T00:58:17.795Z"}
{"level":"info","message":"Request for /","timestamp":"2024-07-30T00:59:08.194Z"}
{"level":"info","message":"Request for /upload","timestamp":"2024-07-30T00:59:13.209Z"}
{"level":"info","message":"Request for /js/upload.js","timestamp":"2024-07-30T00:59:13.232Z"}
{"level":"info","message":"Request for /css/styles.css","timestamp":"2024-07-30T00:59:13.234Z"}
{"level":"info","message":"Request for /display","timestamp":"2024-07-30T00:59:19.431Z"}
{"level":"info","message":"Request for /css/styles.css","timestamp":"2024-07-30T00:59:19.456Z"}
{"level":"info","message":"Request for /js/display.js","timestamp":"2024-07-30T00:59:19.459Z"}
{"level":"info","message":"Request for /get_products","timestamp":"2024-07-30T00:59:19.467Z"}
{"level":"info","message":"Request for /","timestamp":"2024-07-30T01:02:20.401Z"}
{"level":"info","message":"Request for /display","timestamp":"2024-07-30T01:02:25.774Z"}
{"level":"info","message":"Request for /css/styles.css","timestamp":"2024-07-30T01:02:25.798Z"}
{"level":"info","message":"Request for /js/display.js","timestamp":"2024-07-30T01:02:25.799Z"}
{"level":"info","message":"Request for /get_products","timestamp":"2024-07-30T01:02:25.811Z"}
{"level":"info","message":"Request for /[object%20Object]","timestamp":"2024-07-30T01:02:25.831Z"}
{"level":"info","message":"Request for /","timestamp":"2024-07-30T01:03:39.870Z"}
{"level":"info","message":"Request for /display","timestamp":"2024-07-30T01:03:43.069Z"}
{"level":"info","message":"Request for /css/styles.css","timestamp":"2024-07-30T01:03:43.102Z"}
{"level":"info","message":"Request for /js/display.js","timestamp":"2024-07-30T01:03:43.103Z"}
{"level":"info","message":"Request for /get_products","timestamp":"2024-07-30T01:03:43.118Z"}
{"level":"info","message":"Request for /get_image/1","timestamp":"2024-07-30T01:03:43.198Z"}
{"level":"info","message":"Request for /get_image/4","timestamp":"2024-07-30T01:03:43.199Z"}
{"level":"info","message":"Servidor corriendo en http://127.0.0.1:3000/","timestamp":"2024-07-30T01:04:44.668Z"}
{"level":"info","message":"Conexión a la base de datos establecida.","timestamp":"2024-07-30T01:04:44.676Z"}
{"level":"info","message":"Request for /","timestamp":"2024-07-30T01:04:46.178Z"}
{"level":"info","message":"Request for /css/styles.css","timestamp":"2024-07-30T01:04:46.197Z"}
{"level":"info","message":"Request for /js/scripts.js","timestamp":"2024-07-30T01:04:46.198Z"}
{"level":"info","message":"Request for /get_products","timestamp":"2024-07-30T01:04:46.220Z"}
{"level":"info","message":"Request for /get_image/1","timestamp":"2024-07-30T01:04:46.269Z"}
{"level":"info","message":"Request for /get_image/4","timestamp":"2024-07-30T01:04:46.270Z"}
{"level":"info","message":"Servidor corriendo en http://127.0.0.1:3000/","timestamp":"2024-07-30T01:05:35.593Z"}
{"level":"info","message":"Conexión a la base de datos establecida.","timestamp":"2024-07-30T01:05:35.601Z"}
{"level":"info","message":"Request for /","timestamp":"2024-07-30T01:05:36.949Z"}
{"level":"info","message":"Request for /css/styles.css","timestamp":"2024-07-30T01:05:36.976Z"}
{"level":"info","message":"Request for /js/display.js","timestamp":"2024-07-30T01:05:36.978Z"}
{"level":"info","message":"Request for /get_products","timestamp":"2024-07-30T01:05:37.073Z"}
{"level":"info","message":"Request for /get_image/1","timestamp":"2024-07-30T01:05:37.187Z"}
{"level":"info","message":"Request for /get_image/4","timestamp":"2024-07-30T01:05:37.188Z"}
{"level":"info","message":"Request for /display","timestamp":"2024-07-30T01:05:42.940Z"}
{"level":"info","message":"Request for /upload","timestamp":"2024-07-30T01:05:45.198Z"}
{"level":"info","message":"Servidor corriendo en http://127.0.0.1:3000/","timestamp":"2024-07-30T01:06:46.719Z"}
{"level":"info","message":"Conexión a la base de datos establecida.","timestamp":"2024-07-30T01:06:46.727Z"}
{"level":"info","message":"Request for /","timestamp":"2024-07-30T01:06:48.040Z"}
{"level":"info","message":"Request for /display","timestamp":"2024-07-30T01:06:51.828Z"}
{"level":"info","message":"Request for /css/styles.css","timestamp":"2024-07-30T01:06:51.873Z"}
{"level":"info","message":"Request for /js/display.js","timestamp":"2024-07-30T01:06:51.875Z"}
{"level":"info","message":"Request for /get_products","timestamp":"2024-07-30T01:06:51.887Z"}
{"level":"info","message":"Request for /get_image/1","timestamp":"2024-07-30T01:06:51.937Z"}
{"level":"info","message":"Request for /get_image/4","timestamp":"2024-07-30T01:06:51.939Z"}
{"level":"info","message":"Request for /upload","timestamp":"2024-07-30T01:06:53.202Z"}
{"level":"info","message":"Request for /css/styles.css","timestamp":"2024-07-30T01:06:53.235Z"}
{"level":"info","message":"Request for /js/upload.js","timestamp":"2024-07-30T01:06:53.236Z"}
{"level":"info","message":"Request for /display","timestamp":"2024-07-30T01:06:56.917Z"}
{"level":"info","message":"Request for /css/styles.css","timestamp":"2024-07-30T01:06:56.943Z"}
{"level":"info","message":"Request for /js/display.js","timestamp":"2024-07-30T01:06:56.945Z"}
{"level":"info","message":"Request for /get_products","timestamp":"2024-07-30T01:06:56.955Z"}
{"level":"info","message":"Request for /get_image/1","timestamp":"2024-07-30T01:06:57.020Z"}
{"level":"info","message":"Request for /get_image/4","timestamp":"2024-07-30T01:06:57.022Z"}
{"level":"info","message":"Servidor corriendo en http://127.0.0.1:3000/","timestamp":"2024-07-30T01:08:10.705Z"}
{"level":"info","message":"Conexión a la base de datos establecida.","timestamp":"2024-07-30T01:08:10.712Z"}
{"level":"info","message":"Request for /","timestamp":"2024-07-30T01:08:12.016Z"}
{"level":"info","message":"Request for /display","timestamp":"2024-07-30T01:08:15.678Z"}
{"level":"info","message":"Request for /css/styles.css","timestamp":"2024-07-30T01:08:15.716Z"}
{"level":"info","message":"Request for /js/display.js","timestamp":"2024-07-30T01:08:15.723Z"}
{"level":"info","message":"Request for /get_products","timestamp":"2024-07-30T01:08:15.734Z"}
{"level":"info","message":"Request for /get_image/1","timestamp":"2024-07-30T01:08:15.779Z"}
{"level":"info","message":"Request for /get_image/4","timestamp":"2024-07-30T01:08:15.781Z"}
{"level":"info","message":"Request for /upload","timestamp":"2024-07-30T01:08:23.309Z"}
{"level":"info","message":"Request for /css/styles.css","timestamp":"2024-07-30T01:08:23.345Z"}
{"level":"info","message":"Request for /js/upload.js","timestamp":"2024-07-30T01:08:23.347Z"}
{"level":"info","message":"Request for /add_product","timestamp":"2024-07-30T01:08:35.477Z"}
{"level":"info","message":"Request for /add_product","timestamp":"2024-07-30T01:08:38.020Z"}
{"level":"info","message":"Servidor corriendo en http://127.0.0.1:3000/","timestamp":"2024-07-30T01:10:49.517Z"}
{"level":"info","message":"Conexión a la base de datos establecida.","timestamp":"2024-07-30T01:10:49.524Z"}
{"level":"info","message":"Request for /","timestamp":"2024-07-30T01:10:52.799Z"}
{"level":"info","message":"Request for /display","timestamp":"2024-07-30T01:10:55.984Z"}
{"level":"info","message":"Request for /css/styles.css","timestamp":"2024-07-30T01:10:56.032Z"}
{"level":"info","message":"Request for /js/display.js","timestamp":"2024-07-30T01:10:56.033Z"}
{"level":"info","message":"Request for /get_products","timestamp":"2024-07-30T01:10:56.041Z"}
{"level":"info","message":"Request for /get_image/1","timestamp":"2024-07-30T01:10:56.102Z"}
{"level":"info","message":"Request for /get_image/4","timestamp":"2024-07-30T01:10:56.103Z"}
{"level":"info","message":"Request for /upload","timestamp":"2024-07-30T01:10:56.435Z"}
{"level":"info","message":"Request for /css/styles.css","timestamp":"2024-07-30T01:10:56.457Z"}
{"level":"info","message":"Request for /js/upload.js","timestamp":"2024-07-30T01:10:56.458Z"}
{"level":"info","message":"Request for /add_product","timestamp":"2024-07-30T01:11:07.100Z"}
{"level":"info","message":"Servidor corriendo en http://127.0.0.1:3000/","timestamp":"2024-07-30T01:11:54.926Z"}
{"level":"info","message":"Conexión a la base de datos establecida.","timestamp":"2024-07-30T01:11:54.933Z"}
{"level":"info","message":"Request for /","timestamp":"2024-07-30T01:11:55.172Z"}
{"level":"info","message":"Request for /","timestamp":"2024-07-30T01:11:56.081Z"}
{"level":"info","message":"Request for /upload","timestamp":"2024-07-30T01:12:00.728Z"}
{"level":"info","message":"Request for /css/styles.css","timestamp":"2024-07-30T01:12:00.764Z"}
{"level":"info","message":"Request for /js/upload.js","timestamp":"2024-07-30T01:12:00.765Z"}
{"level":"info","message":"Request for /add_product","timestamp":"2024-07-30T01:12:11.406Z"}
{"level":"info","message":"Servidor corriendo en http://127.0.0.1:3000/","timestamp":"2024-07-30T01:19:24.812Z"}
{"level":"info","message":"Conexión a la base de datos establecida.","timestamp":"2024-07-30T01:19:24.820Z"}
{"level":"info","message":"Request for /","timestamp":"2024-07-30T01:19:27.668Z"}
{"level":"info","message":"Request for /upload","timestamp":"2024-07-30T01:19:33.333Z"}
{"level":"info","message":"Request for /css/styles.css","timestamp":"2024-07-30T01:19:33.359Z"}
{"level":"info","message":"Request for /js/upload.js","timestamp":"2024-07-30T01:19:33.362Z"}
{"level":"info","message":"Request for /add_product","timestamp":"2024-07-30T01:19:43.046Z"}
{"level":"info","message":"Servidor corriendo en http://127.0.0.1:3000/","timestamp":"2024-07-30T01:20:47.721Z"}
{"level":"info","message":"Conexión a la base de datos establecida.","timestamp":"2024-07-30T01:20:47.729Z"}
{"level":"info","message":"Request for /","timestamp":"2024-07-30T01:20:49.066Z"}
{"level":"info","message":"Request for /upload","timestamp":"2024-07-30T01:20:56.119Z"}
{"level":"info","message":"Request for /css/styles.css","timestamp":"2024-07-30T01:20:56.143Z"}
{"level":"info","message":"Request for /js/upload.js","timestamp":"2024-07-30T01:20:56.146Z"}
{"level":"info","message":"Request for /add_product","timestamp":"2024-07-30T01:21:10.463Z"}
{"level":"info","message":"Request for /display","timestamp":"2024-07-30T01:21:17.248Z"}
{"level":"info","message":"Request for /css/styles.css","timestamp":"2024-07-30T01:21:17.271Z"}
{"level":"info","message":"Request for /js/display.js","timestamp":"2024-07-30T01:21:17.273Z"}
{"level":"info","message":"Request for /get_products","timestamp":"2024-07-30T01:21:17.284Z"}
{"level":"info","message":"Request for /get_image/5","timestamp":"2024-07-30T01:21:17.332Z"}
{"level":"info","message":"Request for /get_image/1","timestamp":"2024-07-30T01:21:17.337Z"}
{"level":"info","message":"Request for /get_image/4","timestamp":"2024-07-30T01:21:17.342Z"}
{"level":"info","message":"Request for /upload","timestamp":"2024-07-30T01:21:26.694Z"}
{"level":"info","message":"Request for /css/styles.css","timestamp":"2024-07-30T01:21:26.720Z"}
{"level":"info","message":"Request for /js/upload.js","timestamp":"2024-07-30T01:21:26.721Z"}
{"level":"info","message":"Request for /add_product","timestamp":"2024-07-30T01:21:37.101Z"}
{"level":"info","message":"Request for /displayt","timestamp":"2024-07-30T01:21:42.962Z"}
{"level":"info","message":"Request for /display","timestamp":"2024-07-30T01:21:45.651Z"}
{"level":"info","message":"Request for /css/styles.css","timestamp":"2024-07-30T01:21:45.676Z"}
{"level":"info","message":"Request for /js/display.js","timestamp":"2024-07-30T01:21:45.677Z"}
{"level":"info","message":"Request for /get_products","timestamp":"2024-07-30T01:21:45.686Z"}
{"level":"info","message":"Request for /get_image/1","timestamp":"2024-07-30T01:21:45.694Z"}
{"level":"info","message":"Request for /get_image/4","timestamp":"2024-07-30T01:21:45.695Z"}
{"level":"info","message":"Request for /get_image/5","timestamp":"2024-07-30T01:21:45.697Z"}
{"level":"info","message":"Request for /get_image/6","timestamp":"2024-07-30T01:21:45.698Z"}
{"level":"info","message":"Request for /","timestamp":"2024-07-30T01:23:45.781Z"}
{"level":"info","message":"Request for /display","timestamp":"2024-07-30T01:23:50.158Z"}
{"level":"info","message":"Request for /css/styles.css","timestamp":"2024-07-30T01:23:50.188Z"}
{"level":"info","message":"Request for /js/display.js","timestamp":"2024-07-30T01:23:50.189Z"}
{"level":"info","message":"Request for /get_products","timestamp":"2024-07-30T01:23:50.233Z"}
{"level":"info","message":"Request for /get_image/1","timestamp":"2024-07-30T01:23:50.251Z"}
{"level":"info","message":"Request for /get_image/4","timestamp":"2024-07-30T01:23:50.252Z"}
{"level":"info","message":"Request for /get_image/5","timestamp":"2024-07-30T01:23:50.253Z"}
{"level":"info","message":"Request for /get_image/6","timestamp":"2024-07-30T01:23:50.254Z"}
